<?xml version="1.0" encoding="UTF-8"?>
<!-- Generated by org.testng.reporters.JUnitXMLReporter -->
<testsuite ignored="0" hostname="DSCHD-PC-CB-77" failures="0" tests="11" name="Test" time="121.949" errors="0" timestamp="26 Nov 2020 09:22:23 GMT">
  <testcase classname="Test_Practice2" name="@BeforeTest setup" time="120.983">
    <failure type="io.testproject.sdk.internal.exceptions.AgentConnectException" message="Failed communicating with the Agent at http://localhost:8585">
      <![CDATA[io.testproject.sdk.internal.exceptions.AgentConnectException: Failed communicating with the Agent at http://localhost:8585
at io.testproject.sdk.internal.rest.AgentClient.startSession(AgentClient.java:468)
at io.testproject.sdk.internal.rest.AgentClient.<init>(AgentClient.java:229)
at io.testproject.sdk.internal.rest.AgentClient.getClient(AgentClient.java:401)
at io.testproject.sdk.drivers.web.ChromeDriver.<init>(ChromeDriver.java:367)
at io.testproject.sdk.drivers.web.ChromeDriver.<init>(ChromeDriver.java:340)
at io.testproject.sdk.drivers.web.ChromeDriver.<init>(ChromeDriver.java:200)
at Test_Practice2.setup(Test_Practice2.java:41)
Caused by: java.net.SocketTimeoutException: Read timed out
at java.base/java.net.SocketInputStream.socketRead0(Native Method)
at java.base/java.net.SocketInputStream.socketRead(SocketInputStream.java:115)
at java.base/java.net.SocketInputStream.read(SocketInputStream.java:168)
at java.base/java.net.SocketInputStream.read(SocketInputStream.java:140)
at org.apache.http.impl.io.SessionInputBufferImpl.streamRead(SessionInputBufferImpl.java:137)
at org.apache.http.impl.io.SessionInputBufferImpl.fillBuffer(SessionInputBufferImpl.java:153)
at org.apache.http.impl.io.SessionInputBufferImpl.readLine(SessionInputBufferImpl.java:282)
at org.apache.http.impl.conn.DefaultHttpResponseParser.parseHead(DefaultHttpResponseParser.java:138)
at org.apache.http.impl.conn.DefaultHttpResponseParser.parseHead(DefaultHttpResponseParser.java:56)
at org.apache.http.impl.io.AbstractMessageParser.parse(AbstractMessageParser.java:259)
at org.apache.http.impl.DefaultBHttpClientConnection.receiveResponseHeader(DefaultBHttpClientConnection.java:163)
at org.apache.http.impl.conn.CPoolProxy.receiveResponseHeader(CPoolProxy.java:165)
at org.apache.http.protocol.HttpRequestExecutor.doReceiveResponse(HttpRequestExecutor.java:273)
at org.apache.http.protocol.HttpRequestExecutor.execute(HttpRequestExecutor.java:125)
at org.apache.http.impl.execchain.MainClientExec.execute(MainClientExec.java:272)
at org.apache.http.impl.execchain.ProtocolExec.execute(ProtocolExec.java:185)
at org.apache.http.impl.execchain.RetryExec.execute(RetryExec.java:89)
at org.apache.http.impl.execchain.RedirectExec.execute(RedirectExec.java:110)
at org.apache.http.impl.client.InternalHttpClient.doExecute(InternalHttpClient.java:185)
at org.apache.http.impl.client.CloseableHttpClient.execute(CloseableHttpClient.java:83)
at org.apache.http.impl.client.CloseableHttpClient.execute(CloseableHttpClient.java:108)
at io.testproject.sdk.internal.rest.AgentClient.startSession(AgentClient.java:466)
... 30 more
... Removed 24 stack frames]]>
    </failure>
  </testcase> <!-- @BeforeTest setup -->
  <testcase classname="Test_Practice2" name="@BeforeMethod setup2" time="0.0">
    <skipped/>
  </testcase> <!-- @BeforeMethod setup2 -->
  <testcase classname="Test_Practice2" name="@BeforeMethod setup2" time="0.0">
    <skipped/>
  </testcase> <!-- @BeforeMethod setup2 -->
  <testcase classname="Test_Practice2" name="@BeforeMethod setup2" time="0.0">
    <skipped/>
  </testcase> <!-- @BeforeMethod setup2 -->
  <testcase classname="Test_Practice2" name="@BeforeMethod setup2" time="0.0">
    <skipped/>
  </testcase> <!-- @BeforeMethod setup2 -->
  <testcase classname="Test_Practice2" name="@BeforeMethod setup2" time="0.0">
    <skipped/>
  </testcase> <!-- @BeforeMethod setup2 -->
  <testcase classname="Test_Practice2" name="@BeforeMethod setup2" time="0.0">
    <skipped/>
  </testcase> <!-- @BeforeMethod setup2 -->
  <testcase classname="Test_Practice2" name="@BeforeMethod setup2" time="0.0">
    <skipped/>
  </testcase> <!-- @BeforeMethod setup2 -->
  <testcase classname="Test_Practice2" name="@BeforeMethod setup2" time="0.0">
    <skipped/>
  </testcase> <!-- @BeforeMethod setup2 -->
  <testcase classname="Test_Practice2" name="@BeforeMethod setup2" time="0.0">
    <skipped/>
  </testcase> <!-- @BeforeMethod setup2 -->
  <testcase classname="Test_Practice2" name="@BeforeMethod setup2" time="0.0">
    <skipped/>
  </testcase> <!-- @BeforeMethod setup2 -->
  <testcase classname="Test_Practice2" name="@BeforeMethod setup2" time="0.0">
    <skipped/>
  </testcase> <!-- @BeforeMethod setup2 -->
  <testcase classname="Test_Practice2" name="@AfterTest teardown" time="0.0">
    <skipped/>
  </testcase> <!-- @AfterTest teardown -->
  <testcase classname="Test_Practice2" name="test_1" time="0.0">
    <skipped/>
  </testcase> <!-- test_1 -->
  <testcase classname="Test_Practice2" name="test_1" time="0.0">
    <skipped/>
  </testcase> <!-- test_1 -->
  <testcase classname="Test_Practice2" name="test_1" time="0.0">
    <skipped/>
  </testcase> <!-- test_1 -->
  <testcase classname="Test_Practice2" name="test_2" time="0.0">
    <skipped/>
  </testcase> <!-- test_2 -->
  <testcase classname="Test_Practice2" name="test_2" time="0.0">
    <skipped/>
  </testcase> <!-- test_2 -->
  <testcase classname="Test_Practice2" name="test_2" time="0.0">
    <skipped/>
  </testcase> <!-- test_2 -->
  <testcase classname="Test_Practice2" name="test_3" time="0.0">
    <skipped/>
  </testcase> <!-- test_3 -->
  <testcase classname="Test_Practice2" name="test_4" time="0.0">
    <skipped/>
  </testcase> <!-- test_4 -->
  <testcase classname="Test_Practice2" name="test_5" time="0.0">
    <skipped/>
  </testcase> <!-- test_5 -->
  <testcase classname="Test_Practice2" name="test_5" time="0.0">
    <skipped/>
  </testcase> <!-- test_5 -->
  <testcase classname="Test_Practice2" name="test_5" time="0.0">
    <skipped/>
  </testcase> <!-- test_5 -->
</testsuite> <!-- Test -->
