<?xml version="1.0" encoding="UTF-8"?>
<testng-results ignored="0" total="11" passed="9" failed="2" skipped="0">
  <reporter-output>
  </reporter-output>
  <suite started-at="2020-11-25T13:49:53Z" name="Suite" finished-at="2020-11-25T13:51:32Z" duration-ms="99796">
    <groups>
    </groups>
    <test started-at="2020-11-25T13:49:53Z" name="Test" finished-at="2020-11-25T13:51:32Z" duration-ms="99796">
      <class name="Test_Practice2">
        <test-method is-config="true" signature="setup()[pri:0, instance:Test_Practice2@68d279ec]" started-at="2020-11-25T13:49:53Z" name="setup" finished-at="2020-11-25T13:50:20Z" duration-ms="26948" status="PASS">
          <reporter-output>
          </reporter-output>
        </test-method> <!-- setup -->
        <test-method is-config="true" signature="setup2()[pri:0, instance:Test_Practice2@68d279ec]" started-at="2020-11-25T13:50:21Z" name="setup2" finished-at="2020-11-25T13:50:24Z" duration-ms="2931" status="PASS">
          <reporter-output>
          </reporter-output>
        </test-method> <!-- setup2 -->
        <test-method signature="test_1(java.util.Map)[pri:0, instance:Test_Practice2@68d279ec]" started-at="2020-11-25T13:50:24Z" name="test_1" data-provider="testdata2" finished-at="2020-11-25T13:50:25Z" duration-ms="1089" status="PASS">
          <params>
            <param index="0">
              <value>
                <![CDATA[{firstname=John, lastname=Smith}]]>
              </value>
            </param>
          </params>
          <reporter-output>
          </reporter-output>
        </test-method> <!-- test_1 -->
        <test-method is-config="true" signature="setup2()[pri:0, instance:Test_Practice2@68d279ec]" started-at="2020-11-25T13:50:25Z" name="setup2" finished-at="2020-11-25T13:50:25Z" duration-ms="506" status="PASS">
          <reporter-output>
          </reporter-output>
        </test-method> <!-- setup2 -->
        <test-method signature="test_1(java.util.Map)[pri:0, instance:Test_Practice2@68d279ec]" started-at="2020-11-25T13:50:25Z" name="test_1" data-provider="testdata2" finished-at="2020-11-25T13:50:26Z" duration-ms="893" status="PASS">
          <params>
            <param index="0">
              <value>
                <![CDATA[{firstname=Jason, lastname=Doe}]]>
              </value>
            </param>
          </params>
          <reporter-output>
          </reporter-output>
        </test-method> <!-- test_1 -->
        <test-method is-config="true" signature="setup2()[pri:0, instance:Test_Practice2@68d279ec]" started-at="2020-11-25T13:50:26Z" name="setup2" finished-at="2020-11-25T13:50:27Z" duration-ms="494" status="PASS">
          <reporter-output>
          </reporter-output>
        </test-method> <!-- setup2 -->
        <test-method signature="test_1(java.util.Map)[pri:0, instance:Test_Practice2@68d279ec]" started-at="2020-11-25T13:50:27Z" name="test_1" data-provider="testdata2" finished-at="2020-11-25T13:50:27Z" duration-ms="852" status="PASS">
          <params>
            <param index="0">
              <value>
                <![CDATA[{firstname=Tim, lastname=Conway}]]>
              </value>
            </param>
          </params>
          <reporter-output>
          </reporter-output>
        </test-method> <!-- test_1 -->
        <test-method is-config="true" signature="setup2()[pri:0, instance:Test_Practice2@68d279ec]" started-at="2020-11-25T13:50:27Z" name="setup2" finished-at="2020-11-25T13:50:28Z" duration-ms="465" status="PASS">
          <reporter-output>
          </reporter-output>
        </test-method> <!-- setup2 -->
        <test-method signature="test_2(java.util.Map)[pri:0, instance:Test_Practice2@68d279ec]" started-at="2020-11-25T13:50:28Z" name="test_2" data-provider="testdata" finished-at="2020-11-25T13:50:31Z" duration-ms="2780" status="PASS">
          <params>
            <param index="0">
              <value>
                <![CDATA[{password=SuperSecretPassword!, username=tomsmith}]]>
              </value>
            </param>
          </params>
          <reporter-output>
          </reporter-output>
        </test-method> <!-- test_2 -->
        <test-method is-config="true" signature="setup2()[pri:0, instance:Test_Practice2@68d279ec]" started-at="2020-11-25T13:50:31Z" name="setup2" finished-at="2020-11-25T13:50:31Z" duration-ms="462" status="PASS">
          <reporter-output>
          </reporter-output>
        </test-method> <!-- setup2 -->
        <test-method signature="test_2(java.util.Map)[pri:0, instance:Test_Practice2@68d279ec]" started-at="2020-11-25T13:50:31Z" name="test_2" data-provider="testdata" finished-at="2020-11-25T13:50:34Z" duration-ms="2932" status="FAIL">
          <params>
            <param index="0">
              <value>
                <![CDATA[{password=SuperSecretPasswor, username=tomsmith}]]>
              </value>
            </param>
          </params>
          <exception class="java.lang.AssertionError">
            <full-stacktrace>
              <![CDATA[java.lang.AssertionError: 
at org.testng.AssertJUnit.fail(AssertJUnit.java:59)
at org.testng.AssertJUnit.assertTrue(AssertJUnit.java:24)
at org.testng.AssertJUnit.assertTrue(AssertJUnit.java:33)
at Test_Practice2.test_2(Test_Practice2.java:120)
at java.base/jdk.internal.reflect.NativeMethodAccessorImpl.invoke0(Native Method)
at java.base/jdk.internal.reflect.NativeMethodAccessorImpl.invoke(NativeMethodAccessorImpl.java:62)
at java.base/jdk.internal.reflect.DelegatingMethodAccessorImpl.invoke(DelegatingMethodAccessorImpl.java:43)
at java.base/java.lang.reflect.Method.invoke(Method.java:566)
at org.testng.internal.MethodInvocationHelper.invokeMethod(MethodInvocationHelper.java:124)
at org.testng.internal.Invoker.invokeMethod(Invoker.java:583)
at org.testng.internal.Invoker.invokeTestMethod(Invoker.java:719)
at org.testng.internal.Invoker.invokeTestMethods(Invoker.java:989)
at org.testng.internal.TestMethodWorker.invokeTestMethods(TestMethodWorker.java:125)
at org.testng.internal.TestMethodWorker.run(TestMethodWorker.java:109)
at org.testng.TestRunner.privateRun(TestRunner.java:648)
at org.testng.TestRunner.run(TestRunner.java:505)
at org.testng.SuiteRunner.runTest(SuiteRunner.java:455)
at org.testng.SuiteRunner.runSequentially(SuiteRunner.java:450)
at org.testng.SuiteRunner.privateRun(SuiteRunner.java:415)
at org.testng.SuiteRunner.run(SuiteRunner.java:364)
at org.testng.SuiteRunnerWorker.runSuite(SuiteRunnerWorker.java:52)
at org.testng.SuiteRunnerWorker.run(SuiteRunnerWorker.java:84)
at org.testng.TestNG.runSuitesSequentially(TestNG.java:1208)
at org.testng.TestNG.runSuitesLocally(TestNG.java:1137)
at org.testng.TestNG.runSuites(TestNG.java:1049)
at org.testng.TestNG.run(TestNG.java:1017)
at org.testng.remote.AbstractRemoteTestNG.run(AbstractRemoteTestNG.java:115)
at org.testng.remote.RemoteTestNG.initAndRun(RemoteTestNG.java:251)
at org.testng.remote.RemoteTestNG.main(RemoteTestNG.java:77)
]]>
            </full-stacktrace>
          </exception> <!-- java.lang.AssertionError -->
          <reporter-output>
          </reporter-output>
        </test-method> <!-- test_2 -->
        <test-method is-config="true" signature="setup2()[pri:0, instance:Test_Practice2@68d279ec]" started-at="2020-11-25T13:50:34Z" name="setup2" finished-at="2020-11-25T13:50:35Z" duration-ms="448" status="PASS">
          <reporter-output>
          </reporter-output>
        </test-method> <!-- setup2 -->
        <test-method signature="test_2(java.util.Map)[pri:0, instance:Test_Practice2@68d279ec]" started-at="2020-11-25T13:50:35Z" name="test_2" data-provider="testdata" finished-at="2020-11-25T13:50:37Z" duration-ms="2854" status="FAIL">
          <params>
            <param index="0">
              <value>
                <![CDATA[{password=SuperSecretPassword, username=tomsmith}]]>
              </value>
            </param>
          </params>
          <exception class="java.lang.AssertionError">
            <full-stacktrace>
              <![CDATA[java.lang.AssertionError: 
at org.testng.AssertJUnit.fail(AssertJUnit.java:59)
at org.testng.AssertJUnit.assertTrue(AssertJUnit.java:24)
at org.testng.AssertJUnit.assertTrue(AssertJUnit.java:33)
at Test_Practice2.test_2(Test_Practice2.java:120)
at java.base/jdk.internal.reflect.NativeMethodAccessorImpl.invoke0(Native Method)
at java.base/jdk.internal.reflect.NativeMethodAccessorImpl.invoke(NativeMethodAccessorImpl.java:62)
at java.base/jdk.internal.reflect.DelegatingMethodAccessorImpl.invoke(DelegatingMethodAccessorImpl.java:43)
at java.base/java.lang.reflect.Method.invoke(Method.java:566)
at org.testng.internal.MethodInvocationHelper.invokeMethod(MethodInvocationHelper.java:124)
at org.testng.internal.Invoker.invokeMethod(Invoker.java:583)
at org.testng.internal.Invoker.invokeTestMethod(Invoker.java:719)
at org.testng.internal.Invoker.invokeTestMethods(Invoker.java:989)
at org.testng.internal.TestMethodWorker.invokeTestMethods(TestMethodWorker.java:125)
at org.testng.internal.TestMethodWorker.run(TestMethodWorker.java:109)
at org.testng.TestRunner.privateRun(TestRunner.java:648)
at org.testng.TestRunner.run(TestRunner.java:505)
at org.testng.SuiteRunner.runTest(SuiteRunner.java:455)
at org.testng.SuiteRunner.runSequentially(SuiteRunner.java:450)
at org.testng.SuiteRunner.privateRun(SuiteRunner.java:415)
at org.testng.SuiteRunner.run(SuiteRunner.java:364)
at org.testng.SuiteRunnerWorker.runSuite(SuiteRunnerWorker.java:52)
at org.testng.SuiteRunnerWorker.run(SuiteRunnerWorker.java:84)
at org.testng.TestNG.runSuitesSequentially(TestNG.java:1208)
at org.testng.TestNG.runSuitesLocally(TestNG.java:1137)
at org.testng.TestNG.runSuites(TestNG.java:1049)
at org.testng.TestNG.run(TestNG.java:1017)
at org.testng.remote.AbstractRemoteTestNG.run(AbstractRemoteTestNG.java:115)
at org.testng.remote.RemoteTestNG.initAndRun(RemoteTestNG.java:251)
at org.testng.remote.RemoteTestNG.main(RemoteTestNG.java:77)
]]>
            </full-stacktrace>
          </exception> <!-- java.lang.AssertionError -->
          <reporter-output>
          </reporter-output>
        </test-method> <!-- test_2 -->
        <test-method is-config="true" signature="setup2()[pri:0, instance:Test_Practice2@68d279ec]" started-at="2020-11-25T13:50:37Z" name="setup2" finished-at="2020-11-25T13:50:38Z" duration-ms="482" status="PASS">
          <reporter-output>
          </reporter-output>
        </test-method> <!-- setup2 -->
        <test-method signature="test_3()[pri:0, instance:Test_Practice2@68d279ec]" started-at="2020-11-25T13:50:38Z" name="test_3" finished-at="2020-11-25T13:50:39Z" duration-ms="1283" status="PASS">
          <reporter-output>
          </reporter-output>
        </test-method> <!-- test_3 -->
        <test-method is-config="true" signature="setup2()[pri:0, instance:Test_Practice2@68d279ec]" started-at="2020-11-25T13:50:39Z" name="setup2" finished-at="2020-11-25T13:50:40Z" duration-ms="436" status="PASS">
          <reporter-output>
          </reporter-output>
        </test-method> <!-- setup2 -->
        <test-method signature="test_4()[pri:0, instance:Test_Practice2@68d279ec]" started-at="2020-11-25T13:50:40Z" name="test_4" finished-at="2020-11-25T13:50:51Z" duration-ms="11091" status="PASS">
          <reporter-output>
          </reporter-output>
        </test-method> <!-- test_4 -->
        <test-method is-config="true" signature="setup2()[pri:0, instance:Test_Practice2@68d279ec]" started-at="2020-11-25T13:50:51Z" name="setup2" finished-at="2020-11-25T13:50:51Z" duration-ms="454" status="PASS">
          <reporter-output>
          </reporter-output>
        </test-method> <!-- setup2 -->
        <test-method signature="test_5(java.util.Map)[pri:0, instance:Test_Practice2@68d279ec]" started-at="2020-11-25T13:50:51Z" name="test_5" data-provider="testdata3" finished-at="2020-11-25T13:51:03Z" duration-ms="12238" status="PASS">
          <params>
            <param index="0">
              <value>
                <![CDATA[{email=manik33@gmail.com}]]>
              </value>
            </param>
          </params>
          <reporter-output>
          </reporter-output>
        </test-method> <!-- test_5 -->
        <test-method is-config="true" signature="setup2()[pri:0, instance:Test_Practice2@68d279ec]" started-at="2020-11-25T13:51:03Z" name="setup2" finished-at="2020-11-25T13:51:05Z" duration-ms="1454" status="PASS">
          <reporter-output>
          </reporter-output>
        </test-method> <!-- setup2 -->
        <test-method signature="test_5(java.util.Map)[pri:0, instance:Test_Practice2@68d279ec]" started-at="2020-11-25T13:51:05Z" name="test_5" data-provider="testdata3" finished-at="2020-11-25T13:51:17Z" duration-ms="12044" status="PASS">
          <params>
            <param index="0">
              <value>
                <![CDATA[{email=xyz@gmail.com}]]>
              </value>
            </param>
          </params>
          <reporter-output>
          </reporter-output>
        </test-method> <!-- test_5 -->
        <test-method is-config="true" signature="setup2()[pri:0, instance:Test_Practice2@68d279ec]" started-at="2020-11-25T13:51:17Z" name="setup2" finished-at="2020-11-25T13:51:17Z" duration-ms="401" status="PASS">
          <reporter-output>
          </reporter-output>
        </test-method> <!-- setup2 -->
        <test-method signature="test_5(java.util.Map)[pri:0, instance:Test_Practice2@68d279ec]" started-at="2020-11-25T13:51:17Z" name="test_5" data-provider="testdata3" finished-at="2020-11-25T13:51:30Z" duration-ms="12203" status="PASS">
          <params>
            <param index="0">
              <value>
                <![CDATA[{email=abc123@gmail.com}]]>
              </value>
            </param>
          </params>
          <reporter-output>
          </reporter-output>
        </test-method> <!-- test_5 -->
        <test-method is-config="true" signature="teardown()[pri:0, instance:Test_Practice2@68d279ec]" started-at="2020-11-25T13:51:30Z" name="teardown" finished-at="2020-11-25T13:51:32Z" duration-ms="2910" status="PASS">
          <reporter-output>
          </reporter-output>
        </test-method> <!-- teardown -->
      </class> <!-- Test_Practice2 -->
    </test> <!-- Test -->
  </suite> <!-- Suite -->
</testng-results>
