<?xml version="1.0" encoding="UTF-8"?>
<!-- Generated by org.testng.reporters.JUnitXMLReporter -->
<testsuite ignored="0" hostname="DSCHD-PC-CB-77" failures="0" tests="5" name="Default test" time="45.709" errors="0" timestamp="02 Dec 2020 05:16:05 GMT">
  <testcase classname="Test_Practice2" name="test_1" time="0.0">
    <skipped/>
  </testcase> <!-- test_1 -->
  <testcase classname="Test_Practice2" name="test_2" time="0.0">
    <skipped/>
  </testcase> <!-- test_2 -->
  <testcase classname="Test_Practice2" name="test_3" time="1.19"/>
  <testcase classname="Test_Practice2" name="test_4" time="11.286"/>
  <testcase classname="Test_Practice2" name="test_5" time="0.0">
    <skipped/>
  </testcase> <!-- test_5 -->
</testsuite> <!-- Default test -->
